DEBUG [2019-08-22 12:09:12] R version 3.5.2 (2018-12-20)
DEBUG [2019-08-22 12:09:12] Platform: x86_64-pc-linux-gnu (64-bit)
DEBUG [2019-08-22 12:09:12] Running under: Ubuntu 19.04
DEBUG [2019-08-22 12:09:12] 
DEBUG [2019-08-22 12:09:12] Matrix products: default
DEBUG [2019-08-22 12:09:12] BLAS: /usr/lib/x86_64-linux-gnu/blas/libblas.so.3.8.0
DEBUG [2019-08-22 12:09:12] LAPACK: /usr/lib/x86_64-linux-gnu/lapack/liblapack.so.3.8.0
DEBUG [2019-08-22 12:09:12] 
DEBUG [2019-08-22 12:09:12] locale:
DEBUG [2019-08-22 12:09:12]  [1] LC_CTYPE=en_US.UTF-8       LC_NUMERIC=C              
DEBUG [2019-08-22 12:09:12]  [3] LC_TIME=en_US.UTF-8        LC_COLLATE=en_US.UTF-8    
DEBUG [2019-08-22 12:09:12]  [5] LC_MONETARY=en_US.UTF-8    LC_MESSAGES=en_US.UTF-8   
DEBUG [2019-08-22 12:09:12]  [7] LC_PAPER=en_US.UTF-8       LC_NAME=C                 
DEBUG [2019-08-22 12:09:12]  [9] LC_ADDRESS=C               LC_TELEPHONE=C            
DEBUG [2019-08-22 12:09:12] [11] LC_MEASUREMENT=en_US.UTF-8 LC_IDENTIFICATION=C       
DEBUG [2019-08-22 12:09:12] 
DEBUG [2019-08-22 12:09:12] attached base packages:
DEBUG [2019-08-22 12:09:12] [1] stats     graphics  grDevices utils     datasets  methods  
DEBUG [2019-08-22 12:09:12] [7] base     
DEBUG [2019-08-22 12:09:12] 
DEBUG [2019-08-22 12:09:12] other attached packages:
DEBUG [2019-08-22 12:09:12] [1] MazamaCoreUtils_0.3.0 shiny_1.3.2           AirSensor_0.4.0      
DEBUG [2019-08-22 12:09:12] 
DEBUG [2019-08-22 12:09:12] loaded via a namespace (and not attached):
DEBUG [2019-08-22 12:09:12]  [1] zoo_1.8-6                tidyselect_0.2.5        
DEBUG [2019-08-22 12:09:12]  [3] reshape2_1.4.3           purrr_0.3.2             
DEBUG [2019-08-22 12:09:12]  [5] lattice_0.20-38          colorspace_1.4-1        
DEBUG [2019-08-22 12:09:12]  [7] viridisLite_0.3.0        htmltools_0.3.6         
DEBUG [2019-08-22 12:09:12]  [9] PWFSLSmoke_1.2.100       yaml_2.2.0              
DEBUG [2019-08-22 12:09:12] [11] rlang_0.4.0              later_0.8.0             
DEBUG [2019-08-22 12:09:12] [13] pillar_1.4.2             foreign_0.8-71          
DEBUG [2019-08-22 12:09:12] [15] glue_1.3.1               sp_1.3-1                
DEBUG [2019-08-22 12:09:12] [17] RColorBrewer_1.1-2       lambda.r_1.2.3          
DEBUG [2019-08-22 12:09:12] [19] plyr_1.8.4               MazamaSpatialUtils_0.6.1
DEBUG [2019-08-22 12:09:12] [21] stringr_1.4.0            munsell_0.5.0           
DEBUG [2019-08-22 12:09:12] [23] gtable_0.3.0             futile.logger_1.4.3     
DEBUG [2019-08-22 12:09:12] [25] htmlwidgets_1.3          mapproj_1.2.6           
DEBUG [2019-08-22 12:09:12] [27] labeling_0.3             maptools_0.9-5          
DEBUG [2019-08-22 12:09:12] [29] Cairo_1.5-10             httpuv_1.5.1            
DEBUG [2019-08-22 12:09:12] [31] AirMonitorPlots_0.5.3    crosstalk_1.0.0         
DEBUG [2019-08-22 12:09:12] [33] Rcpp_1.0.2               xtable_1.8-4            
DEBUG [2019-08-22 12:09:12] [35] promises_1.0.1           scales_1.0.0            
DEBUG [2019-08-22 12:09:12] [37] formatR_1.7              leaflet_2.0.2           
DEBUG [2019-08-22 12:09:12] [39] jsonlite_1.6             mime_0.7                
DEBUG [2019-08-22 12:09:12] [41] ggplot2_3.2.1            digest_0.6.20           
DEBUG [2019-08-22 12:09:12] [43] stringi_1.4.3            dplyr_0.8.3             
DEBUG [2019-08-22 12:09:12] [45] grid_3.5.2               rgdal_1.4-4             
DEBUG [2019-08-22 12:09:12] [47] tools_3.5.2              magrittr_1.5            
DEBUG [2019-08-22 12:09:12] [49] maps_3.3.0               lazyeval_0.2.2          
DEBUG [2019-08-22 12:09:12] [51] shinythemes_1.1.2        tibble_2.1.3            
DEBUG [2019-08-22 12:09:12] [53] futile.options_1.0.1     crayon_1.3.4            
DEBUG [2019-08-22 12:09:12] [55] tidyr_0.8.3              pkgconfig_2.0.2         
DEBUG [2019-08-22 12:09:12] [57] dygraphs_1.1.1.6         lubridate_1.7.4         
DEBUG [2019-08-22 12:09:12] [59] assertthat_0.2.1         rstudioapi_0.10         
DEBUG [2019-08-22 12:09:12] [61] R6_2.4.0                 compiler_3.5.2          
DEBUG [2019-08-22 12:09:12] ----- pas_load() -----
DEBUG [2019-08-22 12:09:13] ----- ui() -----
DEBUG [2019-08-22 12:09:14] ----- pat_load() -----
DEBUG [2019-08-22 12:09:14] ----- utils_leaflet -----
DEBUG [2019-08-22 12:09:17] ----- pat_load() -----
DEBUG [2019-08-22 12:09:18] ----- pat_join() -----
DEBUG [2019-08-22 12:09:18] ----- utils_patternPlot -----
DEBUG [2019-08-22 12:09:19] ----- pat_load() -----
DEBUG [2019-08-22 12:09:20] ----- pat_join() -----
